c:\users\alumno\downloads\opengl\opengl\debug\vc143.pdb
c:\users\alumno\downloads\opengl\opengl\debug\vc143.idb
c:\users\alumno\downloads\opengl\opengl\debug\worldspace.obj
c:\users\alumno\downloads\opengl\opengl\debug\vector3d.obj
c:\users\alumno\downloads\opengl\opengl\debug\transform.obj
c:\users\alumno\downloads\opengl\opengl\debug\opengl.obj
c:\users\alumno\downloads\opengl\opengl\debug\figura3d.obj
c:\users\alumno\downloads\opengl\opengl\debug\figura2d.obj
c:\users\alumno\downloads\opengl\opengl\debug\figura.obj
c:\users\alumno\downloads\opengl\opengl\debug\example3.obj
c:\users\alumno\downloads\opengl\opengl\debug\example2.obj
c:\users\alumno\downloads\opengl\opengl\debug\example1.obj
c:\users\alumno\downloads\opengl\opengl\debug\example.obj
c:\users\alumno\downloads\opengl\opengl\debug\cubo.obj
c:\users\alumno\downloads\opengl\debug\opengl.exe
c:\users\alumno\downloads\opengl\debug\opengl.pdb
c:\users\alumno\downloads\opengl\opengl\debug\opengl.res
c:\users\alumno\downloads\opengl\opengl\debug\opengl.ilk
c:\users\alumno\downloads\opengl\opengl\debug\opengl.tlog\cl.command.1.tlog
c:\users\alumno\downloads\opengl\opengl\debug\opengl.tlog\cl.items.tlog
c:\users\alumno\downloads\opengl\opengl\debug\opengl.tlog\cl.read.1.tlog
c:\users\alumno\downloads\opengl\opengl\debug\opengl.tlog\cl.write.1.tlog
c:\users\alumno\downloads\opengl\opengl\debug\opengl.tlog\link.command.1.tlog
c:\users\alumno\downloads\opengl\opengl\debug\opengl.tlog\link.read.1.tlog
c:\users\alumno\downloads\opengl\opengl\debug\opengl.tlog\link.secondary.1.tlog
c:\users\alumno\downloads\opengl\opengl\debug\opengl.tlog\link.write.1.tlog
c:\users\alumno\downloads\opengl\opengl\debug\opengl.tlog\rc.command.1.tlog
c:\users\alumno\downloads\opengl\opengl\debug\opengl.tlog\rc.read.1.tlog
c:\users\alumno\downloads\opengl\opengl\debug\opengl.tlog\rc.write.1.tlog
